<?xml version="1.0" encoding="UTF-8"?>
<!-- Generated by org.testng.reporters.JUnitReportReporter -->
<testsuite hostname="nb1000140" failures="0" tests="1" name="BenzApplicationTests.BenzApplicationTest" time="17.509" errors="0" timestamp="2023-04-16T18:00:47 MESZ" skipped="0">
  <testcase classname="BenzApplicationTests.BenzApplicationTest" name="login" time="17.509"/>
  <system-out/>
</testsuite> <!-- BenzApplicationTests.BenzApplicationTest -->
