<?xml version="1.0" encoding="UTF-8"?>
<!-- Generated by org.testng.reporters.JUnitReportReporter -->
<testsuite hostname="nb1000140" failures="0" tests="1" name="BenzApplicationTests.BenzApplicationTest" time="15.898" errors="0" timestamp="2023-04-16T16:16:09 MESZ" skipped="0">
  <testcase classname="BenzApplicationTests.BenzApplicationTest" name="login" time="15.898"/>
  <system-out/>
</testsuite> <!-- BenzApplicationTests.BenzApplicationTest -->
